<?xml version="1.0" encoding="UTF-8"?>
<!-- Generated by org.testng.reporters.JUnitXMLReporter -->
<testsuite hostname="Srijit" ignored="0" name="Free CRM App Test Cases" tests="3" failures="0" timestamp="13 Dec 2018 16:37:58 GMT" time="32.446" errors="0">
  <testcase name="validateLoginPageTittleTest" time="0.112" classname="com.crm.qa.testcases.LoginPageTest"/>
  <testcase name="validateImageTest" time="0.306" classname="com.crm.qa.testcases.LoginPageTest"/>
  <testcase name="loginTest" time="2.592" classname="com.crm.qa.testcases.LoginPageTest"/>
</testsuite> <!-- Free CRM App Test Cases -->
