<?xml version="1.0" encoding="UTF-8"?>
<testsuite name="TestSuite" time="138.34" tests="24" errors="0" skipped="17" failures="4">
  <properties>
[...]
</properties>
  <testcase name="validateLoginPageTittleTest" classname="com.crm.qa.testcases.LoginPageTest" time="0.089"/>
  <testcase name="validateTittleTest" classname="com.crm.qa.testcases.HomePageTest" time="0.093">
    <failure message="expected [CRMPRO] but found [#1 Free CRM software in the cloud for sales and service]" type="java.lang.AssertionError">java.lang.AssertionError: expected [CRMPRO] but found [#1 Free CRM software in the cloud for sales and service]
	at org.testng.Assert.fail(Assert.java:96)
	at org.testng.Assert.failNotEquals(Assert.java:776)
	at org.testng.Assert.assertEqualsImpl(Assert.java:137)
	at org.testng.Assert.assertEquals(Assert.java:118)
	at org.testng.Assert.assertEquals(Assert.java:453)
	at org.testng.Assert.assertEquals(Assert.java:463)
	at com.crm.qa.testcases.HomePageTest.validateTittleTest(HomePageTest.java:34)
</failure>
    <system-out>Before navigating to: 'https://www.freecrm.com/'
Navigated to:'https://www.freecrm.com/'
Trying to find Element By : By.name: username
Found Element By : By.name: username
Trying to find Element By : By.name: password
Found Element By : By.name: password
Trying to find Element By : By.xpath: //input[@type='submit']
Found Element By : By.xpath: //input[@type='submit']
Trying to click on: [[ChromeDriver: chrome on XP (5c5b5fe413109bc3a9c72292083c2b76)] -> xpath: //input[@type='submit']]
Clicked on: [[ChromeDriver: chrome on XP (5c5b5fe413109bc3a9c72292083c2b76)] -> xpath: //input[@type='submit']]
</system-out>
    <system-err>Starting ChromeDriver 2.37.544315 (730aa6a5fdba159ac9f4c1e8cbc59bf1b5ce12b7) on port 33205
Only local connections are allowed.
Dec 13, 2018 4:28:58 PM org.openqa.selenium.remote.ProtocolHandshake createSession
INFO: Detected dialect: OSS
</system-err>
  </testcase>
  <testcase name="setUp" classname="com.crm.qa.testcases.ContactPageTest" time="54.358">
    <failure message="No frame element found by name or id mainpanel&#10;Build info: version: &apos;3.7.0&apos;, revision: &apos;2321c73&apos;, time: &apos;2017-11-02T22:22:35.584Z&apos;&#10;System info: host: &apos;SRIJIT&apos;, ip: &apos;192.168.1.58&apos;, os.name: &apos;Windows 10&apos;, os.arch: &apos;amd64&apos;, os.version: &apos;10.0&apos;, java.version: &apos;1.8.0_65&apos;&#10;Driver info: driver.version: unknown" type="org.openqa.selenium.NoSuchFrameException">org.openqa.selenium.NoSuchFrameException: No frame element found by name or id mainpanel
Build info: version: '3.7.0', revision: '2321c73', time: '2017-11-02T22:22:35.584Z'
System info: host: 'SRIJIT', ip: '192.168.1.58', os.name: 'Windows 10', os.arch: 'amd64', os.version: '10.0', java.version: '1.8.0_65'
Driver info: driver.version: unknown
	at org.openqa.selenium.remote.RemoteWebDriver$RemoteTargetLocator.frame(RemoteWebDriver.java:939)
	at org.openqa.selenium.support.events.EventFiringWebDriver$EventFiringTargetLocator.frame(EventFiringWebDriver.java:632)
	at com.crm.qa.util.TestUtil.switchToFrame(TestUtil.java:31)
	at com.crm.qa.testcases.ContactPageTest.setUp(ContactPageTest.java:40)
</failure>
    <system-out>Before navigating to: 'https://www.freecrm.com/'
Navigated to:'https://www.freecrm.com/'
Trying to find Element By : By.name: username
Found Element By : By.name: username
Trying to find Element By : By.name: password
Found Element By : By.name: password
Trying to find Element By : By.xpath: //input[@type='submit']
Found Element By : By.xpath: //input[@type='submit']
Trying to click on: [[ChromeDriver: chrome on XP (3550dce72cffab36f8281c42a878d1a5)] -> xpath: //input[@type='submit']]
Clicked on: [[ChromeDriver: chrome on XP (3550dce72cffab36f8281c42a878d1a5)] -> xpath: //input[@type='submit']]
</system-out>
    <system-err>Starting ChromeDriver 2.37.544315 (730aa6a5fdba159ac9f4c1e8cbc59bf1b5ce12b7) on port 44017
Only local connections are allowed.
Dec 13, 2018 4:29:11 PM org.openqa.selenium.remote.ProtocolHandshake createSession
INFO: Detected dialect: OSS
</system-err>
  </testcase>
  <testcase name="verifyContactsPageLabel" classname="com.crm.qa.testcases.ContactPageTest" time="0">
    <skipped/>
  </testcase>
  <testcase name="tearDown" classname="com.crm.qa.testcases.ContactPageTest" time="0">
    <skipped/>
  </testcase>
  <testcase name="validateImageTest" classname="com.crm.qa.testcases.LoginPageTest" time="0.328"/>
  <testcase name="ContactLinkClick" classname="com.crm.qa.testcases.HomePageTest" time="40.124">
    <failure message="No frame element found by name or id mainpanel&#10;Build info: version: &apos;3.7.0&apos;, revision: &apos;2321c73&apos;, time: &apos;2017-11-02T22:22:35.584Z&apos;&#10;System info: host: &apos;SRIJIT&apos;, ip: &apos;192.168.1.58&apos;, os.name: &apos;Windows 10&apos;, os.arch: &apos;amd64&apos;, os.version: &apos;10.0&apos;, java.version: &apos;1.8.0_65&apos;&#10;Driver info: driver.version: unknown" type="org.openqa.selenium.NoSuchFrameException">org.openqa.selenium.NoSuchFrameException: No frame element found by name or id mainpanel
Build info: version: '3.7.0', revision: '2321c73', time: '2017-11-02T22:22:35.584Z'
System info: host: 'SRIJIT', ip: '192.168.1.58', os.name: 'Windows 10', os.arch: 'amd64', os.version: '10.0', java.version: '1.8.0_65'
Driver info: driver.version: unknown
	at org.openqa.selenium.remote.RemoteWebDriver$RemoteTargetLocator.frame(RemoteWebDriver.java:939)
	at org.openqa.selenium.support.events.EventFiringWebDriver$EventFiringTargetLocator.frame(EventFiringWebDriver.java:632)
	at com.crm.qa.util.TestUtil.switchToFrame(TestUtil.java:31)
	at com.crm.qa.testcases.HomePageTest.ContactLinkClick(HomePageTest.java:46)
</failure>
    <system-out>Before navigating to: 'https://www.freecrm.com/'
Navigated to:'https://www.freecrm.com/'
Trying to find Element By : By.name: username
Found Element By : By.name: username
Trying to find Element By : By.name: password
Found Element By : By.name: password
Trying to find Element By : By.xpath: //input[@type='submit']
Found Element By : By.xpath: //input[@type='submit']
Trying to click on: [[ChromeDriver: chrome on XP (567d7d85c5c742900cd988f7950f6bcd)] -> xpath: //input[@type='submit']]
Clicked on: [[ChromeDriver: chrome on XP (567d7d85c5c742900cd988f7950f6bcd)] -> xpath: //input[@type='submit']]
</system-out>
    <system-err>Starting ChromeDriver 2.37.544315 (730aa6a5fdba159ac9f4c1e8cbc59bf1b5ce12b7) on port 36706
Only local connections are allowed.
Dec 13, 2018 4:30:17 PM org.openqa.selenium.remote.ProtocolHandshake createSession
INFO: Detected dialect: OSS
</system-err>
  </testcase>
  <testcase name="setUp" classname="com.crm.qa.testcases.ContactPageTest" time="0">
    <skipped/>
  </testcase>
  <testcase name="selectSingleContactsTest" classname="com.crm.qa.testcases.ContactPageTest" time="0">
    <skipped/>
  </testcase>
  <testcase name="tearDown" classname="com.crm.qa.testcases.ContactPageTest" time="0">
    <skipped/>
  </testcase>
  <testcase name="loginTest" classname="com.crm.qa.testcases.LoginPageTest" time="3.23"/>
  <testcase name="validateHeaderText" classname="com.crm.qa.testcases.HomePageTest" time="40.118">
    <failure message="No frame element found by name or id mainpanel&#10;Build info: version: &apos;3.7.0&apos;, revision: &apos;2321c73&apos;, time: &apos;2017-11-02T22:22:35.584Z&apos;&#10;System info: host: &apos;SRIJIT&apos;, ip: &apos;192.168.1.58&apos;, os.name: &apos;Windows 10&apos;, os.arch: &apos;amd64&apos;, os.version: &apos;10.0&apos;, java.version: &apos;1.8.0_65&apos;&#10;Driver info: driver.version: unknown" type="org.openqa.selenium.NoSuchFrameException">org.openqa.selenium.NoSuchFrameException: No frame element found by name or id mainpanel
Build info: version: '3.7.0', revision: '2321c73', time: '2017-11-02T22:22:35.584Z'
System info: host: 'SRIJIT', ip: '192.168.1.58', os.name: 'Windows 10', os.arch: 'amd64', os.version: '10.0', java.version: '1.8.0_65'
Driver info: driver.version: unknown
	at org.openqa.selenium.remote.RemoteWebDriver$RemoteTargetLocator.frame(RemoteWebDriver.java:939)
	at org.openqa.selenium.support.events.EventFiringWebDriver$EventFiringTargetLocator.frame(EventFiringWebDriver.java:632)
	at com.crm.qa.util.TestUtil.switchToFrame(TestUtil.java:31)
	at com.crm.qa.testcases.HomePageTest.validateHeaderText(HomePageTest.java:40)
</failure>
    <system-out>Before navigating to: 'https://www.freecrm.com/'
Navigated to:'https://www.freecrm.com/'
Trying to find Element By : By.name: username
Found Element By : By.name: username
Trying to find Element By : By.name: password
Found Element By : By.name: password
Trying to find Element By : By.xpath: //input[@type='submit']
Found Element By : By.xpath: //input[@type='submit']
Trying to click on: [[ChromeDriver: chrome on XP (e0161156642e7eea86f878aedc3fccb7)] -> xpath: //input[@type='submit']]
Clicked on: [[ChromeDriver: chrome on XP (e0161156642e7eea86f878aedc3fccb7)] -> xpath: //input[@type='submit']]
</system-out>
    <system-err>Starting ChromeDriver 2.37.544315 (730aa6a5fdba159ac9f4c1e8cbc59bf1b5ce12b7) on port 24344
Only local connections are allowed.
Dec 13, 2018 4:31:23 PM org.openqa.selenium.remote.ProtocolHandshake createSession
INFO: Detected dialect: OSS
</system-err>
  </testcase>
  <testcase name="setUp" classname="com.crm.qa.testcases.ContactPageTest" time="0">
    <skipped/>
  </testcase>
  <testcase name="validateCreateNewContact" classname="com.crm.qa.testcases.ContactPageTest" time="0">
    <skipped/>
  </testcase>
  <testcase name="tearDown" classname="com.crm.qa.testcases.ContactPageTest" time="0">
    <skipped/>
  </testcase>
  <testcase name="setUp" classname="com.crm.qa.testcases.ContactPageTest" time="0">
    <skipped/>
  </testcase>
  <testcase name="validateCreateNewContact" classname="com.crm.qa.testcases.ContactPageTest" time="0">
    <skipped/>
  </testcase>
  <testcase name="tearDown" classname="com.crm.qa.testcases.ContactPageTest" time="0">
    <skipped/>
  </testcase>
  <testcase name="setUp" classname="com.crm.qa.testcases.ContactPageTest" time="0">
    <skipped/>
  </testcase>
  <testcase name="validateCreateNewContact" classname="com.crm.qa.testcases.ContactPageTest" time="0">
    <skipped/>
  </testcase>
  <testcase name="tearDown" classname="com.crm.qa.testcases.ContactPageTest" time="0">
    <skipped/>
  </testcase>
  <testcase name="setUp" classname="com.crm.qa.testcases.ContactPageTest" time="0">
    <skipped/>
  </testcase>
  <testcase name="selectMultipleContactsTest" classname="com.crm.qa.testcases.ContactPageTest" time="0">
    <skipped/>
  </testcase>
  <testcase name="tearDown" classname="com.crm.qa.testcases.ContactPageTest" time="0">
    <skipped/>
  </testcase>
</testsuite>